# Running on air208
# Started at Tue 8 Mar 10:35:49 GMT 2022
# asr_train.py --config conf/tuning/train_transformer.yaml --ngpu 1 --backend pytorch --outdir exp/mdm_train_pytorch_dvecgccphat/results --tensorboard-dir tensorboard/mdm_train_pytorch_dvecgccphat --debugmode 1 --dict data/lang_1char/mdm_train_units.txt --debugdir exp/mdm_train_pytorch_dvecgccphat --minibatches 0 --verbose 0 --resume --init-model --train-sample-rate 0.2 --rotate false --seed 1 --dvec true --tdoa false --gccphat true --tdoa-aug false --permute-aug false 
/home/mifs/jhrt2/newDNC/venv/lib/python3.7/site-packages/torch/nn/_reduction.py:49: UserWarning: size_average and reduce args will be deprecated, please use reduction='none' instead.
  warnings.warn(warning.format(ret))
2022-03-08 10:35:52,336 (asr_train:348) WARNING: Skip DEBUG/INFO messages
Initialising train_generator
Building segment dicts dvec: True tdoa: False gccphat: True average: True
Getting TDOA/GCCPHAT data
Building segment dicts dvec: True tdoa: False gccphat: True average: True
Getting TDOA/GCCPHAT data
epoch       iteration   main/loss   main/loss_ctc  main/loss_att  validation/main/loss  validation/main/loss_ctc  validation/main/loss_att  main/acc    validation/main/acc  main/cer_ctc  validation/main/cer_ctc  elapsed_time
[J50          100         196.998                    196.998        192.576                                         192.576                   0.0613505   0.0425406                                                   832.897       
[J     total [..................................................]  0.50%
this epoch [..................................................]  0.00%
       100 iter, 50 epoch / 10000 epochs
       inf iters/sec. Estimated time to finish: 0:00:00.
[4A[J100         200         173.019                    173.019        165.607                                         165.607                   0.164192    0.164891                                                    915.298       
[J     total [..................................................]  1.00%
this epoch [..................................................]  0.00%
       200 iter, 100 epoch / 10000 epochs
    1.2136 iters/sec. Estimated time to finish: 4:31:55.445683.
[4A[J150         300         125.557                    125.557        117.042                                         117.042                   0.594173    0.645798                                                    1000.02       
[J     total [..................................................]  1.50%
this epoch [..................................................]  0.00%
       300 iter, 150 epoch / 10000 epochs
    1.1967 iters/sec. Estimated time to finish: 4:34:21.852024.
[4A[J200         400         75.2871                    75.2871        76.756                                          76.756                    0.839511    0.819727                                                    1074.12       
[J     total [#.................................................]  2.00%
this epoch [..................................................]  0.00%
       400 iter, 200 epoch / 10000 epochs
    1.2437 iters/sec. Estimated time to finish: 4:22:39.699924.
[4A[J250         500         61.1826                    61.1826        69.7031                                         69.7031                   0.843368    0.817915                                                    1136.14       
[J     total [#.................................................]  2.50%
this epoch [..................................................]  0.00%
       500 iter, 250 epoch / 10000 epochs
    1.3191 iters/sec. Estimated time to finish: 4:06:22.918328.
[4A[J300         600         59.5941                    59.5941        66.681                                          66.681                    0.843143    0.82099                                                     1198.53       
[J     total [#.................................................]  3.00%
this epoch [..................................................]  0.00%
       600 iter, 300 epoch / 10000 epochs
    1.3674 iters/sec. Estimated time to finish: 3:56:27.301779.
[4A[J350         700         59.1304                    59.1304        67.5005                                         67.5005                   0.842833    0.817265                                                    1260.81       
[J     total [#.................................................]  3.50%
this epoch [..................................................]  0.00%
       700 iter, 350 epoch / 10000 epochs
    1.4022 iters/sec. Estimated time to finish: 3:49:24.553473.
[4A[J400         800         59.0009                    59.0009        66.7883                                         66.7883                   0.842269    0.818055                                                    1324.3        
[J     total [##................................................]  4.00%
this epoch [..................................................]  0.00%
       800 iter, 400 epoch / 10000 epochs
    1.4245 iters/sec. Estimated time to finish: 3:44:38.509598.
[4A[J450         900         58.2631                    58.2631        66.2076                                         66.2076                   0.842953    0.818814                                                    1386.37       
[J     total [##................................................]  4.50%
this epoch [..................................................]  0.00%
       900 iter, 450 epoch / 10000 epochs
    1.4454 iters/sec. Estimated time to finish: 3:40:14.275277.
[4A[J500         1000        56.9817                    56.9817        63.2457                                         63.2457                   0.843423    0.822739                                                    1449.38       
[J     total [##................................................]  5.00%
this epoch [..................................................]  0.00%
      1000 iter, 500 epoch / 10000 epochs
    1.4599 iters/sec. Estimated time to finish: 3:36:54.702342.
[4A[J550         1100        56.287                     56.287         64.366                                          64.366                    0.844265    0.816275                                                    1511.42       
[J     total [##................................................]  5.50%
this epoch [..................................................]  0.00%
      1100 iter, 550 epoch / 10000 epochs
    1.4738 iters/sec. Estimated time to finish: 3:33:44.150336.
[4A[J600         1200        55.705                     55.705         63.4032                                         63.4032                   0.845362    0.817596                                                    1573.89       
[J     total [###...............................................]  6.00%
this epoch [..................................................]  0.00%
      1200 iter, 600 epoch / 10000 epochs
    1.4845 iters/sec. Estimated time to finish: 3:31:04.239746.
[4A[J650         1300        55.5767                    55.5767        63.224                                          63.224                    0.845255    0.81679                                                     1636.77       
[J     total [###...............................................]  6.50%
this epoch [..................................................]  0.00%
      1300 iter, 650 epoch / 10000 epochs
    1.4928 iters/sec. Estimated time to finish: 3:28:46.965359.
[4A[J700         1400        55.2269                    55.2269        64.4028                                         64.4028                   0.845342    0.811895                                                    1699.04       
[J     total [###...............................................]  7.00%
this epoch [..................................................]  0.00%
      1400 iter, 700 epoch / 10000 epochs
    1.5009 iters/sec. Estimated time to finish: 3:26:32.471658.
[4A[J750         1500        55.1451                    55.1451        62.4627                                         62.4627                   0.844731    0.816943                                                    1761.52       
[J     total [###...............................................]  7.50%
this epoch [..................................................]  0.00%
      1500 iter, 750 epoch / 10000 epochs
    1.5076 iters/sec. Estimated time to finish: 3:24:31.163071.
[4A[J800         1600        54.6742                    54.6742        61.8126                                         61.8126                   0.845653    0.818701                                                    1825.45       
[J     total [####..............................................]  8.00%
this epoch [..................................................]  0.00%
      1600 iter, 800 epoch / 10000 epochs
    1.5112 iters/sec. Estimated time to finish: 3:22:55.594099.
[4A[J850         1700        54.337                     54.337         60.5847                                         60.5847                   0.846246    0.822521                                                    1887.84       
[J     total [####..............................................]  8.50%
this epoch [..................................................]  0.00%
      1700 iter, 850 epoch / 10000 epochs
    1.5167 iters/sec. Estimated time to finish: 3:21:05.933145.
[4A[J900         1800        54.1241                    54.1241        60.4463                                         60.4463                   0.846133    0.823794                                                    1949.51       
[J     total [####..............................................]  9.00%
this epoch [..................................................]  0.00%
      1800 iter, 900 epoch / 10000 epochs
    1.5225 iters/sec. Estimated time to finish: 3:19:14.288593.
[4A[J950         1900        53.2722                    53.2722        59.57                                           59.57                     0.848273    0.826683                                                    2011.06       
[J     total [####..............................................]  9.50%
this epoch [..................................................]  0.00%
      1900 iter, 950 epoch / 10000 epochs
    1.5278 iters/sec. Estimated time to finish: 3:17:27.111901.
[4A[J1000        2000        52.7648                    52.7648        59.7956                                         59.7956                   0.848851    0.825846                                                    2072.92       
[J     total [#####.............................................] 10.00%
this epoch [..................................................]  0.00%
      2000 iter, 1000 epoch / 10000 epochs
    1.5322 iters/sec. Estimated time to finish: 3:15:47.599613.
[4A[J1050        2100        51.5192                    51.5192        60.8433                                         60.8433                   0.851476    0.824388                                                    2134.85       
[J     total [#####.............................................] 10.50%
this epoch [..................................................]  0.00%
      2100 iter, 1050 epoch / 10000 epochs
    1.5362 iters/sec. Estimated time to finish: 3:14:12.440231.
[4A[J1100        2200        51.8078                    51.8078        62.2479                                         62.2479                   0.848913    0.823416                                                    2196.99       
[J     total [#####.............................................] 11.00%
this epoch [..................................................]  0.00%
      2200 iter, 1100 epoch / 10000 epochs
    1.5395 iters/sec. Estimated time to finish: 3:12:42.314942.
[4A[J1150        2300        50.5041                    50.5041        63.4793                                         63.4793                   0.851725    0.822127                                                    2259.74       
[J     total [#####.............................................] 11.50%
this epoch [..................................................]  0.00%
      2300 iter, 1150 epoch / 10000 epochs
    1.5419 iters/sec. Estimated time to finish: 3:11:19.661093.
[4A[J1200        2400        50.2948                    50.2948        61.8802                                         61.8802                   0.850947    0.826182                                                    2322.56       
[J     total [######............................................] 12.00%
this epoch [..................................................]  0.00%
      2400 iter, 1200 epoch / 10000 epochs
     1.544 iters/sec. Estimated time to finish: 3:09:59.172795.
[4A[J1250        2500        49.7702                    49.7702        60.9073                                         60.9073                   0.851535    0.826962                                                    2384.96       
[J     total [######............................................] 12.50%
this epoch [..................................................]  0.00%
      2500 iter, 1250 epoch / 10000 epochs
    1.5463 iters/sec. Estimated time to finish: 3:08:37.160748.
[4A[J1300        2600        49.6681                    49.6681        58.8886                                         58.8886                   0.850269    0.827719                                                    2448.07       
[J     total [######............................................] 13.00%
this epoch [..................................................]  0.00%
      2600 iter, 1300 epoch / 10000 epochs
    1.5478 iters/sec. Estimated time to finish: 3:07:21.596905.
[4A[J1350        2700        48.796                     48.796         57.2776                                         57.2776                   0.851286    0.829529                                                    2511.92       
[J     total [######............................................] 13.50%
this epoch [..................................................]  0.00%
      2700 iter, 1350 epoch / 10000 epochs
    1.5485 iters/sec. Estimated time to finish: 3:06:12.120156.
[4A[J1400        2800        47.7801                    47.7801        57.0672                                         57.0672                   0.852042    0.827281                                                    2575.57       
[J     total [#######...........................................] 14.00%
this epoch [..................................................]  0.00%
      2800 iter, 1400 epoch / 10000 epochs
    1.5493 iters/sec. Estimated time to finish: 3:05:01.506099.
[4A[J1450        2900        47.1852                    47.1852        57.6285                                         57.6285                   0.85117     0.822893                                                    2638.63       
[J     total [#######...........................................] 14.50%
this epoch [..................................................]  0.00%
      2900 iter, 1450 epoch / 10000 epochs
    1.5506 iters/sec. Estimated time to finish: 3:03:47.886844.
[4A[J1500        3000        46.8656                    46.8656        58.2793                                         58.2793                   0.851018    0.825806                                                    2702.15       
[J     total [#######...........................................] 15.00%
this epoch [..................................................]  0.00%
      3000 iter, 1500 epoch / 10000 epochs
    1.5514 iters/sec. Estimated time to finish: 3:02:37.720795.
[4A[J1550        3100        46.148                     46.148         58.5266                                         58.5266                   0.852608    0.825802                                                    2766.54       
[J     total [#######...........................................] 15.50%
this epoch [..................................................]  0.00%
      3100 iter, 1550 epoch / 10000 epochs
    1.5515 iters/sec. Estimated time to finish: 3:01:32.947846.
[4A[J1600        3200        45.7657                    45.7657        58.3065                                         58.3065                   0.853194    0.82563                                                     2830.73       
[J     total [########..........................................] 16.00%
this epoch [..................................................]  0.00%
      3200 iter, 1600 epoch / 10000 epochs
    1.5517 iters/sec. Estimated time to finish: 3:00:26.983324.
[4A[J1650        3300        45.4866                    45.4866        58.6947                                         58.6947                   0.853333    0.82436                                                     2895.56       
[J     total [########..........................................] 16.50%
this epoch [..................................................]  0.00%
      3300 iter, 1650 epoch / 10000 epochs
    1.5514 iters/sec. Estimated time to finish: 2:59:24.517878.
[4A[J1700        3400        44.4873                    44.4873        57.246                                          57.246                    0.856828    0.827285                                                    2960.11       
[J     total [########..........................................] 17.00%
this epoch [..................................................]  0.00%
      3400 iter, 1700 epoch / 10000 epochs
    1.5513 iters/sec. Estimated time to finish: 2:58:20.523578.
[4A[J1750        3500        44.5028                    44.5028        56.9232                                         56.9232                   0.856417    0.82902                                                     3024.69       
[J     total [########..........................................] 17.50%
this epoch [..................................................]  0.00%
      3500 iter, 1750 epoch / 10000 epochs
    1.5512 iters/sec. Estimated time to finish: 2:57:16.634456.
[4A[J1800        3600        43.9507                    43.9507        56.6836                                         56.6836                   0.857619    0.82858                                                     3088.74       
[J     total [#########.........................................] 18.00%
this epoch [..................................................]  0.00%
      3600 iter, 1800 epoch / 10000 epochs
    1.5515 iters/sec. Estimated time to finish: 2:56:10.239801.
[4A[J1850        3700        43.7763                    43.7763        56.0201                                         56.0201                   0.85711     0.829016                                                    3153.03       
[J     total [#########.........................................] 18.50%
this epoch [..................................................]  0.00%
      3700 iter, 1850 epoch / 10000 epochs
    1.5516 iters/sec. Estimated time to finish: 2:55:05.061742.
[4A[J1900        3800        43.0989                    43.0989        55.4176                                         55.4176                   0.859225    0.831398                                                    3217.28       
[J     total [#########.........................................] 19.00%
this epoch [..................................................]  0.00%
      3800 iter, 1900 epoch / 10000 epochs
    1.5518 iters/sec. Estimated time to finish: 2:53:59.748437.
[4A[J1950        3900        41.8884                    41.8884        56.0654                                         56.0654                   0.862668    0.830838                                                    3282.47       
[J     total [#########.........................................] 19.50%
this epoch [..................................................]  0.00%
      3900 iter, 1950 epoch / 10000 epochs
    1.5513 iters/sec. Estimated time to finish: 2:52:58.484493.
[4A[J2000        4000        41.712                     41.712         54.6018                                         54.6018                   0.862844    0.833214                                                    3347.73       
[J     total [##########........................................] 20.00%
this epoch [..................................................]  0.00%
      4000 iter, 2000 epoch / 10000 epochs
    1.5508 iters/sec. Estimated time to finish: 2:51:57.264191.
[4A[J2050        4100        41.5424                    41.5424        55.1808                                         55.1808                   0.863063    0.832044                                                    3412.19       
[J     total [##########........................................] 20.50%
this epoch [..................................................]  0.00%
      4100 iter, 2050 epoch / 10000 epochs
    1.5508 iters/sec. Estimated time to finish: 2:50:52.682649.
[4A[J2100        4200        41.2424                    41.2424        54.9229                                         54.9229                   0.863484    0.831816                                                    3475.8        
[J     total [##########........................................] 21.00%
this epoch [..................................................]  0.00%
      4200 iter, 2100 epoch / 10000 epochs
    1.5513 iters/sec. Estimated time to finish: 2:49:44.904203.
[4A[J2150        4300        40.7341                    40.7341        55.3637                                         55.3637                   0.865051    0.82955                                                     3539.32       
[J     total [##########........................................] 21.50%
this epoch [..................................................]  0.00%
      4300 iter, 2150 epoch / 10000 epochs
    1.5519 iters/sec. Estimated time to finish: 2:48:36.874004.
[4A[J2200        4400        39.9487                    39.9487        54.5411                                         54.5411                   0.867337    0.831822                                                    3602.38       
[J     total [###########.......................................] 22.00%
this epoch [..................................................]  0.00%
      4400 iter, 2200 epoch / 10000 epochs
    1.5526 iters/sec. Estimated time to finish: 2:47:27.416791.
[4A[J2250        4500        39.9169                    39.9169        54.9477                                         54.9477                   0.866996    0.830137                                                    3665.29       
[J     total [###########.......................................] 22.50%
this epoch [..................................................]  0.00%
      4500 iter, 2250 epoch / 10000 epochs
    1.5535 iters/sec. Estimated time to finish: 2:46:17.761398.
[4A[J2300        4600        39.7445                    39.7445        54.5023                                         54.5023                   0.867153    0.832618                                                    3728.35       
[J     total [###########.......................................] 23.00%
this epoch [..................................................]  0.00%
      4600 iter, 2300 epoch / 10000 epochs
    1.5542 iters/sec. Estimated time to finish: 2:45:08.876005.
[4A[J2350        4700        39.1115                    39.1115        54.7107                                         54.7107                   0.86925     0.829251                                                    3791.87       
[J     total [###########.......................................] 23.50%
this epoch [..................................................]  0.00%
      4700 iter, 2350 epoch / 10000 epochs
    1.5546 iters/sec. Estimated time to finish: 2:44:01.805986.
[4A[J2400        4800        39.2679                    39.2679        53.2314                                         53.2314                   0.868682    0.833396                                                    3854.94       
[J     total [############......................................] 24.00%
this epoch [..................................................]  0.00%
      4800 iter, 2400 epoch / 10000 epochs
    1.5552 iters/sec. Estimated time to finish: 2:42:53.409667.
[4A[J2450        4900        38.3054                    38.3054        53.6688                                         53.6688                   0.871604    0.83179                                                     3919.16       
[J     total [############......................................] 24.50%
this epoch [..................................................]  0.00%
      4900 iter, 2450 epoch / 10000 epochs
    1.5553 iters/sec. Estimated time to finish: 2:41:48.871610.
[4A[J2500        5000        38.0872                    38.0872        53.1687                                         53.1687                   0.872218    0.831947                                                    3982.98       
[J     total [############......................................] 25.00%
this epoch [..................................................]  0.00%
      5000 iter, 2500 epoch / 10000 epochs
    1.5555 iters/sec. Estimated time to finish: 2:40:43.120525.
[4A[J2550        5100        38.2408                    38.2408        52.8502                                         52.8502                   0.871157    0.831345                                                    4046.52       
[J     total [############......................................] 25.50%
this epoch [..................................................]  0.00%
      5100 iter, 2550 epoch / 10000 epochs
    1.5559 iters/sec. Estimated time to finish: 2:39:36.603967.
[4A[J2600        5200        38.0143                    38.0143        52.2342                                         52.2342                   0.871882    0.832899                                                    4109.6        
[J     total [#############.....................................] 26.00%
this epoch [..................................................]  0.00%
      5200 iter, 2600 epoch / 10000 epochs
    1.5564 iters/sec. Estimated time to finish: 2:38:28.867302.
[4A[J2650        5300        37.899                     37.899         52.6964                                         52.6964                   0.872524    0.833505                                                    4172.64       
[J     total [#############.....................................] 26.50%
this epoch [..................................................]  0.00%
      5300 iter, 2650 epoch / 10000 epochs
     1.557 iters/sec. Estimated time to finish: 2:37:21.240889.
[4A[J2700        5400        37.4115                    37.4115        52.9825                                         52.9825                   0.874206    0.83236                                                     4237.7        
[J     total [#############.....................................] 27.00%
this epoch [..................................................]  0.00%
      5400 iter, 2700 epoch / 10000 epochs
    1.5566 iters/sec. Estimated time to finish: 2:36:19.277744.
[4A[J2750        5500        37.299                     37.299         52.5873                                         52.5873                   0.874355    0.832842                                                    4302.01       
[J     total [#############.....................................] 27.50%
this epoch [..................................................]  0.00%
      5500 iter, 2750 epoch / 10000 epochs
    1.5566 iters/sec. Estimated time to finish: 2:35:15.215107.
[4A[J2800        5600        37.1817                    37.1817        52.3205                                         52.3205                   0.874263    0.833998                                                    4365.99       
[J     total [##############....................................] 28.00%
this epoch [..................................................]  0.00%
      5600 iter, 2800 epoch / 10000 epochs
    1.5567 iters/sec. Estimated time to finish: 2:34:10.272502.
[4A[J2850        5700        37.133                     37.133         53.3396                                         53.3396                   0.874631    0.831743                                                    4430.02       
[J     total [##############....................................] 28.50%
this epoch [..................................................]  0.00%
      5700 iter, 2850 epoch / 10000 epochs
    1.5568 iters/sec. Estimated time to finish: 2:33:05.522055.
[4A[J2900        5800        36.8829                    36.8829        52.5775                                         52.5775                   0.875549    0.836063                                                    4493.87       
[J     total [##############....................................] 29.00%
this epoch [..................................................]  0.00%
      5800 iter, 2900 epoch / 10000 epochs
     1.557 iters/sec. Estimated time to finish: 2:32:00.335269.
[4A[J2950        5900        36.7403                    36.7403        54.558                                          54.558                    0.875664    0.830406                                                    4558.16       
[J     total [##############....................................] 29.50%
this epoch [..................................................]  0.00%
      5900 iter, 2950 epoch / 10000 epochs
    1.5569 iters/sec. Estimated time to finish: 2:30:56.235870.
[4A[J3000        6000        36.8894                    36.8894        54.1521                                         54.1521                   0.874803    0.83236                                                     4622.48       
[J     total [###############...................................] 30.00%
this epoch [..................................................]  0.00%
      6000 iter, 3000 epoch / 10000 epochs
    1.5569 iters/sec. Estimated time to finish: 2:29:52.232709.
[4A[J3050        6100        36.6956                    36.6956        53.2036                                         53.2036                   0.875631    0.835131                                                    4693.73       
[J     total [###############...................................] 30.50%
this epoch [..................................................]  0.00%
      6100 iter, 3050 epoch / 10000 epochs
    1.5541 iters/sec. Estimated time to finish: 2:29:04.262553.
[4A[J3100        6200        36.5429                    36.5429        53.1445                                         53.1445                   0.876178    0.834105                                                    4758.98       
[J     total [###############...................................] 31.00%
this epoch [..................................................]  0.00%
      6200 iter, 3100 epoch / 10000 epochs
    1.5537 iters/sec. Estimated time to finish: 2:28:01.956078.
[4A[J3150        6300        36.4242                    36.4242        53.2487                                         53.2487                   0.876647    0.83317                                                     4823.56       
[J     total [###############...................................] 31.50%
this epoch [..................................................]  0.00%
      6300 iter, 3150 epoch / 10000 epochs
    1.5536 iters/sec. Estimated time to finish: 2:26:58.080352.
[4A[J3200        6400        36.1863                    36.1863        54.1927                                         54.1927                   0.877142    0.831596                                                    4888.17       
[J     total [################..................................] 32.00%
this epoch [..................................................]  0.00%
      6400 iter, 3200 epoch / 10000 epochs
    1.5535 iters/sec. Estimated time to finish: 2:25:54.235586.
[4A[J3250        6500        36.1378                    36.1378        55.4989                                         55.4989                   0.877427    0.831653                                                    4953.67       
[J     total [################..................................] 32.50%
this epoch [..................................................]  0.00%
      6500 iter, 3250 epoch / 10000 epochs
    1.5531 iters/sec. Estimated time to finish: 2:24:52.268086.
[4A[J3300        6600        36.1841                    36.1841        56.3403                                         56.3403                   0.877024    0.82936                                                     5019.12       
[J     total [################..................................] 33.00%
this epoch [..................................................]  0.00%
      6600 iter, 3300 epoch / 10000 epochs
    1.5527 iters/sec. Estimated time to finish: 2:23:50.070089.
[4A[J3350        6700        36.3841                    36.3841        56.6223                                         56.6223                   0.876176    0.830014                                                    5083.82       
[J     total [################..................................] 33.50%
this epoch [..................................................]  0.00%
      6700 iter, 3350 epoch / 10000 epochs
    1.5526 iters/sec. Estimated time to finish: 2:22:46.255619.
[4A[J3400        6800        36.2019                    36.2019        56.3338                                         56.3338                   0.876774    0.831198                                                    5148.55       
[J     total [#################.................................] 34.00%
this epoch [..................................................]  0.00%
      6800 iter, 3400 epoch / 10000 epochs
    1.5525 iters/sec. Estimated time to finish: 2:21:42.479969.
[4A[J3450        6900        35.8693                    35.8693        58.9179                                         58.9179                   0.878126    0.828947                                                    5213.43       
[J     total [#################.................................] 34.50%
this epoch [..................................................]  0.00%
      6900 iter, 3450 epoch / 10000 epochs
    1.5523 iters/sec. Estimated time to finish: 2:20:38.963413.
[4A[J3500        7000        35.8283                    35.8283        57.0688                                         57.0688                   0.87833     0.830711                                                    5279.54       
[J     total [#################.................................] 35.00%
this epoch [..................................................]  0.00%
      7000 iter, 3500 epoch / 10000 epochs
    1.5517 iters/sec. Estimated time to finish: 2:19:37.731400.
[4A[J3550        7100        35.5914                    35.5914        57.6202                                         57.6202                   0.878817    0.828416                                                    5344.36       
[J     total [#################.................................] 35.50%
this epoch [..................................................]  0.00%
      7100 iter, 3550 epoch / 10000 epochs
    1.5516 iters/sec. Estimated time to finish: 2:18:33.983020.
[4A[J3600        7200        35.5966                    35.5966        58.4509                                         58.4509                   0.878995    0.828263                                                    5409.19       
[J     total [##################................................] 36.00%
this epoch [..................................................]  0.00%
      7200 iter, 3600 epoch / 10000 epochs
    1.5515 iters/sec. Estimated time to finish: 2:17:30.223975.
[4A[J3650        7300        35.4596                    35.4596        57.7122                                         57.7122                   0.879086    0.830693                                                    5474.77       
[J     total [##################................................] 36.50%
this epoch [..................................................]  0.00%
      7300 iter, 3650 epoch / 10000 epochs
    1.5511 iters/sec. Estimated time to finish: 2:16:27.749084.
[4A[J3700        7400        35.5491                    35.5491        56.7026                                         56.7026                   0.879219    0.830919                                                    5539.86       
[J     total [##################................................] 37.00%
this epoch [..................................................]  0.00%
      7400 iter, 3700 epoch / 10000 epochs
    1.5509 iters/sec. Estimated time to finish: 2:15:24.344601.
[4A[J3750        7500        35.4985                    35.4985        57.1605                                         57.1605                   0.878893    0.831356                                                    5605.03       
[J     total [##################................................] 37.50%
this epoch [..................................................]  0.00%
      7500 iter, 3750 epoch / 10000 epochs
    1.5507 iters/sec. Estimated time to finish: 2:14:21.045837.
[4A[J3800        7600        35.2258                    35.2258        57.6874                                         57.6874                   0.879782    0.827972                                                    5670.49       
[J     total [###################...............................] 38.00%
this epoch [..................................................]  0.00%
      7600 iter, 3800 epoch / 10000 epochs
    1.5504 iters/sec. Estimated time to finish: 2:13:18.165658.
[4A[J3850        7700        35.4496                    35.4496        55.3721                                         55.3721                   0.879141    0.829796                                                    5736.31       
[J     total [###################...............................] 38.50%
this epoch [..................................................]  0.00%
      7700 iter, 3850 epoch / 10000 epochs
    1.5499 iters/sec. Estimated time to finish: 2:12:15.797788.
[4A[J3900        7800        35.3706                    35.3706        55.1201                                         55.1201                   0.879503    0.831543                                                    5801.81       
[J     total [###################...............................] 39.00%
this epoch [..................................................]  0.00%
      7800 iter, 3900 epoch / 10000 epochs
    1.5496 iters/sec. Estimated time to finish: 2:11:12.830922.
[4A[J3950        7900        35.0557                    35.0557        56.1051                                         56.1051                   0.880292    0.829723                                                    5868.33       
[J     total [###################...............................] 39.50%
this epoch [..................................................]  0.00%
      7900 iter, 3950 epoch / 10000 epochs
     1.549 iters/sec. Estimated time to finish: 2:10:11.380876.
[4A[J4000        8000        35.2325                    35.2325        55.6606                                         55.6606                   0.879839    0.830519                                                    5934.75       
[J     total [####################..............................] 40.00%
this epoch [..................................................]  0.00%
      8000 iter, 4000 epoch / 10000 epochs
    1.5485 iters/sec. Estimated time to finish: 2:09:09.683285.
[4A[J4050        8100        34.7654                    34.7654        56.0352                                         56.0352                   0.881761    0.829505                                                    6000.49       
[J     total [####################..............................] 40.50%
this epoch [..................................................]  0.00%
      8100 iter, 4050 epoch / 10000 epochs
    1.5481 iters/sec. Estimated time to finish: 2:08:06.801885.
[4A[J4100        8200        34.8723                    34.8723        55.8053                                         55.8053                   0.881395    0.831396                                                    6065.25       
[J     total [####################..............................] 41.00%
this epoch [..................................................]  0.00%
      8200 iter, 4100 epoch / 10000 epochs
    1.5481 iters/sec. Estimated time to finish: 2:07:02.458748.
[4A[J4150        8300        34.8185                    34.8185        57.0817                                         57.0817                   0.881307    0.826067                                                    6129.03       
[J     total [####################..............................] 41.50%
this epoch [..................................................]  0.00%
      8300 iter, 4150 epoch / 10000 epochs
    1.5483 iters/sec. Estimated time to finish: 2:05:56.674599.
[4A[J4200        8400        35.4497                    35.4497        56.0063                                         56.0063                   0.879044    0.828071                                                    6193.88       
[J     total [#####################.............................] 42.00%
this epoch [..................................................]  0.00%
      8400 iter, 4200 epoch / 10000 epochs
    1.5482 iters/sec. Estimated time to finish: 2:04:52.459020.
[4A[J4250        8500        34.5512                    34.5512        56.2525                                         56.2525                   0.882499    0.828184                                                    6258.69       
[J     total [#####################.............................] 42.50%
this epoch [..................................................]  0.00%
      8500 iter, 4250 epoch / 10000 epochs
    1.5482 iters/sec. Estimated time to finish: 2:03:48.175868.
[4A[J4300        8600        35.2538                    35.2538        56.197                                          56.197                    0.879853    0.829018                                                    6323.37       
[J     total [#####################.............................] 43.00%
this epoch [..................................................]  0.00%
      8600 iter, 4300 epoch / 10000 epochs
    1.5481 iters/sec. Estimated time to finish: 2:02:43.700200.
[4A[J4350        8700        34.7867                    34.7867        55.6354                                         55.6354                   0.881353    0.829295                                                    6388.33       
[J     total [#####################.............................] 43.50%
this epoch [..................................................]  0.00%
      8700 iter, 4350 epoch / 10000 epochs
     1.548 iters/sec. Estimated time to finish: 2:01:39.580566.
[4A[J4400        8800        34.6823                    34.6823        57.0014                                         57.0014                   0.881508    0.825089                                                    6455.85       
[J     total [######################............................] 44.00%
this epoch [..................................................]  0.00%
      8800 iter, 4400 epoch / 10000 epochs
    1.5472 iters/sec. Estimated time to finish: 2:00:38.748849.
[4A[J4450        8900        34.7828                    34.7828        57.0052                                         57.0052                   0.881411    0.825762                                                    6522.24       
[J     total [######################............................] 44.50%
this epoch [..................................................]  0.00%
      8900 iter, 4450 epoch / 10000 epochs
    1.5468 iters/sec. Estimated time to finish: 1:59:36.331603.
[4A[J4500        9000        34.8499                    34.8499        58.0518                                         58.0518                   0.881137    0.821129                                                    6588.89       
[J     total [######################............................] 45.00%
this epoch [..................................................]  0.00%
      9000 iter, 4500 epoch / 10000 epochs
    1.5462 iters/sec. Estimated time to finish: 1:58:34.159122.
[4A[J4550        9100        34.5084                    34.5084        56.3561                                         56.3561                   0.882348    0.826939                                                    6654.64       
[J     total [######################............................] 45.50%
this epoch [..................................................]  0.00%
      9100 iter, 4550 epoch / 10000 epochs
    1.5459 iters/sec. Estimated time to finish: 1:57:30.781372.
[4A[J4600        9200        34.069                     34.069         56.047                                          56.047                    0.884135    0.826812                                                    6720.61       
[J     total [#######################...........................] 46.00%
this epoch [..................................................]  0.00%
      9200 iter, 4600 epoch / 10000 epochs
    1.5456 iters/sec. Estimated time to finish: 1:56:27.614836.
[4A[J4650        9300        34.3345                    34.3345        56.0362                                         56.0362                   0.882826    0.826653                                                    6785.36       
[J     total [#######################...........................] 46.50%
this epoch [..................................................]  0.00%
      9300 iter, 4650 epoch / 10000 epochs
    1.5456 iters/sec. Estimated time to finish: 1:55:22.979687.
[4A[J4700        9400        34.0712                    34.0712        55.3472                                         55.3472                   0.884246    0.827632                                                    6851.36       
[J     total [#######################...........................] 47.00%
this epoch [..................................................]  0.00%
      9400 iter, 4700 epoch / 10000 epochs
    1.5452 iters/sec. Estimated time to finish: 1:54:19.777243.
[4A[J4750        9500        34.3523                    34.3523        55.4024                                         55.4024                   0.882953    0.826749                                                    6916.67       
[J     total [#######################...........................] 47.50%
this epoch [..................................................]  0.00%
      9500 iter, 4750 epoch / 10000 epochs
    1.5451 iters/sec. Estimated time to finish: 1:53:15.707675.
[4A[J4800        9600        34.5428                    34.5428        55.5514                                         55.5514                   0.882337    0.827333                                                    6982.32       
[J     total [########################..........................] 48.00%
this epoch [..................................................]  0.00%
      9600 iter, 4800 epoch / 10000 epochs
    1.5449 iters/sec. Estimated time to finish: 1:52:12.002811.
[4A[J4850        9700        34.2333                    34.2333        56.0789                                         56.0789                   0.883433    0.824709                                                    7047.77       
[J     total [########################..........................] 48.50%
this epoch [..................................................]  0.00%
      9700 iter, 4850 epoch / 10000 epochs
    1.5447 iters/sec. Estimated time to finish: 1:51:08.042979.
[4A[J4900        9800        33.7583                    33.7583        56.5888                                         56.5888                   0.884707    0.825806                                                    7112.31       
[J     total [########################..........................] 49.00%
this epoch [..................................................]  0.00%
      9800 iter, 4900 epoch / 10000 epochs
    1.5447 iters/sec. Estimated time to finish: 1:50:03.099197.
[4A[J4950        9900        33.8281                    33.8281        59.0751                                         59.0751                   0.884556    0.814996                                                    7178.41       
[J     total [########################..........................] 49.50%
this epoch [..................................................]  0.00%
      9900 iter, 4950 epoch / 10000 epochs
    1.5444 iters/sec. Estimated time to finish: 1:48:59.767937.
[4A[J5000        10000       34.2049                    34.2049        57.2792                                         57.2792                   0.883232    0.822481                                                    7243.56       
[J     total [#########################.........................] 50.00%
this epoch [..................................................]  0.00%
     10000 iter, 5000 epoch / 10000 epochs
    1.5443 iters/sec. Estimated time to finish: 1:47:55.419310.
[4A[J5050        10100       33.9197                    33.9197        56.0944                                         56.0944                   0.883983    0.826693                                                    7309.65       
[J     total [#########################.........................] 50.50%
this epoch [..................................................]  0.00%
     10100 iter, 5050 epoch / 10000 epochs
     1.544 iters/sec. Estimated time to finish: 1:46:51.992464.
[4A[J5100        10200       33.7717                    33.7717        56.8949                                         56.8949                   0.88463     0.824838                                                    7376          
[J     total [#########################.........................] 51.00%
this epoch [..................................................]  0.00%
     10200 iter, 5100 epoch / 10000 epochs
    1.5478 iters/sec. Estimated time to finish: 1:45:31.487889.
[4A[J5150        10300       33.9751                    33.9751        56.7461                                         56.7461                   0.883902    0.824238                                                    7443.55       
[J     total [#########################.........................] 51.50%
this epoch [..................................................]  0.00%
     10300 iter, 5150 epoch / 10000 epochs
    1.5519 iters/sec. Estimated time to finish: 1:44:10.224114.
[4A[J5200        10400       33.7841                    33.7841        56.5825                                         56.5825                   0.88465     0.824949                                                    7517.28       
[J     total [##########################........................] 52.00%
this epoch [..................................................]  0.00%
     10400 iter, 5200 epoch / 10000 epochs
     1.552 iters/sec. Estimated time to finish: 1:43:05.441410.
[4A[J5250        10500       33.6192                    33.6192        56.2827                                         56.2827                   0.885201    0.824675                                                    7590.7        
[J     total [##########################........................] 52.50%
this epoch [..................................................]  0.00%
     10500 iter, 5250 epoch / 10000 epochs
    1.5493 iters/sec. Estimated time to finish: 1:42:11.841426.
[4A[J5300        10600       33.8856                    33.8856        55.8297                                         55.8297                   0.884062    0.825834                                                    7665.07       
[J     total [##########################........................] 53.00%
this epoch [..................................................]  0.00%
     10600 iter, 5300 epoch / 10000 epochs
    1.5464 iters/sec. Estimated time to finish: 1:41:18.538471.
[4A[J5350        10700       33.6894                    33.6894        55.9158                                         55.9158                   0.884596    0.827152                                                    7737.66       
[J     total [##########################........................] 53.50%
this epoch [..................................................]  0.00%
     10700 iter, 5350 epoch / 10000 epochs
     1.544 iters/sec. Estimated time to finish: 1:40:23.474353.
[4A[J5400        10800       33.3524                    33.3524        55.6247                                         55.6247                   0.885983    0.826919                                                    7804.24       
[J     total [###########################.......................] 54.00%
this epoch [..................................................]  0.00%
     10800 iter, 5400 epoch / 10000 epochs
    1.5432 iters/sec. Estimated time to finish: 1:39:21.547546.
[4A[J5450        10900       33.3992                    33.3992        55.752                                          55.752                    0.885472    0.82583                                                     7871.06       
[J     total [###########################.......................] 54.50%
this epoch [..................................................]  0.00%
     10900 iter, 5450 epoch / 10000 epochs
    1.5421 iters/sec. Estimated time to finish: 1:38:21.063601.
[4A[J5500        11000       33.364                     33.364         54.6521                                         54.6521                   0.88595     0.829259                                                    7937.49       
[J     total [###########################.......................] 55.00%
this epoch [..................................................]  0.00%
     11000 iter, 5500 epoch / 10000 epochs
    1.5413 iters/sec. Estimated time to finish: 1:37:19.300363.
[4A[J5550        11100       33.3239                    33.3239        55.5488                                         55.5488                   0.886095    0.825042                                                    8003.47       
[J     total [###########################.......................] 55.50%
this epoch [..................................................]  0.00%
     11100 iter, 5550 epoch / 10000 epochs
    1.5403 iters/sec. Estimated time to finish: 1:36:17.920660.
[4A[J5600        11200       33.4383                    33.4383        55.8086                                         55.8086                   0.885301    0.82417                                                     8074.94       
[J     total [############################......................] 56.00%
this epoch [..................................................]  0.00%
     11200 iter, 5600 epoch / 10000 epochs
    1.5382 iters/sec. Estimated time to finish: 1:35:20.929153.
[4A[J5650        11300       33.1906                    33.1906        54.5533                                         54.5533                   0.886678    0.827685                                                    8141.54       
[J     total [############################......................] 56.50%
this epoch [..................................................]  0.00%
     11300 iter, 5650 epoch / 10000 epochs
    1.5373 iters/sec. Estimated time to finish: 1:34:19.159995.
[4A[J5700        11400       33.2923                    33.2923        55.9809                                         55.9809                   0.886116    0.823479                                                    8208.38       
[J     total [############################......................] 57.00%
this epoch [..................................................]  0.00%
     11400 iter, 5700 epoch / 10000 epochs
    1.5363 iters/sec. Estimated time to finish: 1:33:18.034199.
[4A[J5750        11500       33.488                     33.488         55.5664                                         55.5664                   0.885312    0.825156                                                    8275.44       
[J     total [############################......................] 57.50%
this epoch [..................................................]  0.00%
     11500 iter, 5750 epoch / 10000 epochs
    1.5352 iters/sec. Estimated time to finish: 1:32:16.832481.
[4A[J5800        11600       33.0669                    33.0669        54.7319                                         54.7319                   0.886833    0.827448                                                    8341.86       
[J     total [############################......................] 58.00%
this epoch [..................................................]  0.00%
     11600 iter, 5800 epoch / 10000 epochs
    1.5346 iters/sec. Estimated time to finish: 1:31:13.770174.
[4A[J5850        11700       33.3535                    33.3535        54.4388                                         54.4388                   0.885751    0.828651                                                    8408.69       
[J     total [#############################.....................] 58.50%
this epoch [..................................................]  0.00%
     11700 iter, 5850 epoch / 10000 epochs
    1.5335 iters/sec. Estimated time to finish: 1:30:12.310744.
[4A[J5900        11800       33.1047                    33.1047        56.1565                                         56.1565                   0.886571    0.821871                                                    8476.22       
[J     total [#############################.....................] 59.00%
this epoch [..................................................]  0.00%
     11800 iter, 5900 epoch / 10000 epochs
    1.5322 iters/sec. Estimated time to finish: 1:29:11.910217.
[4A[J5950        11900       33.0871                    33.0871        55.9457                                         55.9457                   0.886503    0.823875                                                    8543.82       
[J     total [#############################.....................] 59.50%
this epoch [..................................................]  0.00%
     11900 iter, 5950 epoch / 10000 epochs
    1.5307 iters/sec. Estimated time to finish: 1:28:11.544881.
[4A[J6000        12000       33.263                     33.263         54.7194                                         54.7194                   0.886199    0.826735                                                    8611.87       
[J     total [##############################....................] 60.00%
this epoch [..................................................]  0.00%
     12000 iter, 6000 epoch / 10000 epochs
    1.5293 iters/sec. Estimated time to finish: 1:27:11.164428.
[4A[J6050        12100       32.8317                    32.8317        53.5605                                         53.5605                   0.887445    0.828691                                                    8678.7        
[J     total [##############################....................] 60.50%
this epoch [..................................................]  0.00%
     12100 iter, 6050 epoch / 10000 epochs
    1.5281 iters/sec. Estimated time to finish: 1:26:09.651392.
[4A[J6100        12200       32.8934                    32.8934        54.4683                                         54.4683                   0.887149    0.826636                                                    8745.72       
[J     total [##############################....................] 61.00%
this epoch [..................................................]  0.00%
     12200 iter, 6100 epoch / 10000 epochs
     1.527 iters/sec. Estimated time to finish: 1:25:08.013923.
[4A[J6150        12300       33.1171                    33.1171        54.8982                                         54.8982                   0.886112    0.825412                                                    8812.61       
[J     total [##############################....................] 61.50%
this epoch [..................................................]  0.00%
     12300 iter, 6150 epoch / 10000 epochs
     1.526 iters/sec. Estimated time to finish: 1:24:05.707692.
[4A[J6200        12400       33.0871                    33.0871        55.3833                                         55.3833                   0.886369    0.822339                                                    8880.27       
[J     total [###############################...................] 62.00%
this epoch [..................................................]  0.00%
     12400 iter, 6200 epoch / 10000 epochs
    1.5249 iters/sec. Estimated time to finish: 1:23:03.872942.
[4A[J6250        12500       32.8209                    32.8209        57.0824                                         57.0824                   0.887299    0.819556                                                    8947.68       
[J     total [###############################...................] 62.50%
this epoch [..................................................]  0.00%
     12500 iter, 6250 epoch / 10000 epochs
    1.5238 iters/sec. Estimated time to finish: 1:22:02.042255.
[4A[J6300        12600       32.5423                    32.5423        57.1351                                         57.1351                   0.888276    0.817717                                                    9015.15       
[J     total [###############################...................] 63.00%
this epoch [..................................................]  0.00%
     12600 iter, 6300 epoch / 10000 epochs
    1.5227 iters/sec. Estimated time to finish: 1:20:59.642988.
[4A[J6350        12700       32.7295                    32.7295        56.2977                                         56.2977                   0.887514    0.82019                                                     9082.76       
[J     total [###############################...................] 63.50%
this epoch [..................................................]  0.00%
     12700 iter, 6350 epoch / 10000 epochs
    1.5219 iters/sec. Estimated time to finish: 1:19:56.697013.
[4A[J6400        12800       32.5897                    32.5897        54.277                                          54.277                    0.888322    0.826842                                                    9149.63       
[J     total [################################..................] 64.00%
this epoch [..................................................]  0.00%
     12800 iter, 6400 epoch / 10000 epochs
    1.5211 iters/sec. Estimated time to finish: 1:18:53.324562.
[4A[J6450        12900       32.507                     32.507         55.2762                                         55.2762                   0.888372    0.821044                                                    9217.08       
[J     total [################################..................] 64.50%
this epoch [..................................................]  0.00%
     12900 iter, 6450 epoch / 10000 epochs
    1.5201 iters/sec. Estimated time to finish: 1:17:50.697763.
[4A[J6500        13000       32.6144                    32.6144        56.0025                                         56.0025                   0.88807     0.821071                                                    9284.26       
[J     total [################################..................] 65.00%
this epoch [..................................................]  0.00%
     13000 iter, 6500 epoch / 10000 epochs
    1.5193 iters/sec. Estimated time to finish: 1:16:47.489001.
[4A[J6550        13100       32.7422                    32.7422        54.8232                                         54.8232                   0.887248    0.823881                                                    9351.74       
[J     total [################################..................] 65.50%
this epoch [..................................................]  0.00%
     13100 iter, 6550 epoch / 10000 epochs
    1.5186 iters/sec. Estimated time to finish: 1:15:43.782041.
[4A[J6600        13200       32.3871                    32.3871        55.4447                                         55.4447                   0.888563    0.821164                                                    9418.97       
[J     total [#################################.................] 66.00%
this epoch [..................................................]  0.00%
     13200 iter, 6600 epoch / 10000 epochs
    1.5179 iters/sec. Estimated time to finish: 1:14:40.001141.
[4A[J6650        13300       32.4086                    32.4086        55.7405                                         55.7405                   0.888559    0.822921                                                    9486.77       
[J     total [#################################.................] 66.50%
this epoch [..................................................]  0.00%
     13300 iter, 6650 epoch / 10000 epochs
    1.5172 iters/sec. Estimated time to finish: 1:13:36.115380.
[4A[J6700        13400       32.2076                    32.2076        56.1317                                         56.1317                   0.889351    0.819147                                                    9555.13       
[J     total [#################################.................] 67.00%
this epoch [..................................................]  0.00%
     13400 iter, 6700 epoch / 10000 epochs
    1.5163 iters/sec. Estimated time to finish: 1:12:32.728231.
[4A[J6750        13500       32.4285                    32.4285        55.8009                                         55.8009                   0.888313    0.818889                                                    9622.99       
[J     total [#################################.................] 67.50%
this epoch [..................................................]  0.00%
     13500 iter, 6750 epoch / 10000 epochs
    1.5155 iters/sec. Estimated time to finish: 1:11:28.897230.
[4A[J6800        13600       32.4972                    32.4972        56.3725                                         56.3725                   0.888098    0.820677                                                    9691.67       
[J     total [##################################................] 68.00%
this epoch [..................................................]  0.00%
     13600 iter, 6800 epoch / 10000 epochs
    1.5145 iters/sec. Estimated time to finish: 1:10:25.880898.
[4A[J6850        13700       31.7592                    31.7592        56.9851                                         56.9851                   0.891132    0.81715                                                     9759.56       
[J     total [##################################................] 68.50%
this epoch [..................................................]  0.00%
     13700 iter, 6850 epoch / 10000 epochs
    1.5137 iters/sec. Estimated time to finish: 1:09:22.114768.
[4A[J6900        13800       32.3404                    32.3404        57.4069                                         57.4069                   0.888392    0.815556                                                    9827.44       
[J     total [##################################................] 69.00%
this epoch [..................................................]  0.00%
     13800 iter, 6900 epoch / 10000 epochs
    1.5128 iters/sec. Estimated time to finish: 1:08:18.298993.
[4A[J6950        13900       32.1005                    32.1005        58.018                                          58.018                    0.889527    0.809778                                                    9895.3        
[J     total [##################################................] 69.50%
this epoch [..................................................]  0.00%
     13900 iter, 6950 epoch / 10000 epochs
    1.5122 iters/sec. Estimated time to finish: 1:07:13.821511.
[4A[J7000        14000       32.0497                    32.0497        57.7057                                         57.7057                   0.889641    0.810729                                                    9963.51       
[J     total [###################################...............] 70.00%
this epoch [..................................................]  0.00%
     14000 iter, 7000 epoch / 10000 epochs
    1.5115 iters/sec. Estimated time to finish: 1:06:09.469720.
[4A[J7050        14100       31.98                      31.98          58.1973                                         58.1973                   0.88984     0.811242                                                    10031.7       
[J     total [###################################...............] 70.50%
this epoch [..................................................]  0.00%
     14100 iter, 7050 epoch / 10000 epochs
    1.5107 iters/sec. Estimated time to finish: 1:05:05.512727.
[4A[J7100        14200       31.716                     31.716         58.1001                                         58.1001                   0.89082     0.806885                                                    10099.9       
[J     total [###################################...............] 71.00%
this epoch [..................................................]  0.00%
     14200 iter, 7100 epoch / 10000 epochs
    1.5097 iters/sec. Estimated time to finish: 1:04:01.947012.
[4A[J7150        14300       32.1397                    32.1397        56.3579                                         56.3579                   0.888957    0.815549                                                    10167.9       
[J     total [###################################...............] 71.50%
this epoch [..................................................]  0.00%
     14300 iter, 7150 epoch / 10000 epochs
    1.5086 iters/sec. Estimated time to finish: 1:02:58.289830.
[4A[J7200        14400       31.8071                    31.8071        56.8586                                         56.8586                   0.89026     0.814174                                                    10236         
[J     total [####################################..............] 72.00%
this epoch [..................................................]  0.00%
     14400 iter, 7200 epoch / 10000 epochs
    1.5075 iters/sec. Estimated time to finish: 1:01:54.822182.
[4A[J7250        14500       31.8424                    31.8424        57.3784                                         57.3784                   0.889994    0.816101                                                    10303.9       
[J     total [####################################..............] 72.50%
this epoch [..................................................]  0.00%
     14500 iter, 7250 epoch / 10000 epochs
    1.5063 iters/sec. Estimated time to finish: 1:00:51.237217.
[4A[J7300        14600       31.8379                    31.8379        57.5622                                         57.5622                   0.890076    0.813695                                                    10372.4       
[J     total [####################################..............] 73.00%
this epoch [..................................................]  0.00%
     14600 iter, 7300 epoch / 10000 epochs
    1.5051 iters/sec. Estimated time to finish: 0:59:47.779010.
[4A[J7350        14700       31.7029                    31.7029        58.4419                                         58.4419                   0.890704    0.812248                                                    10441.4       
[J     total [####################################..............] 73.50%
this epoch [..................................................]  0.00%
     14700 iter, 7350 epoch / 10000 epochs
    1.5039 iters/sec. Estimated time to finish: 0:58:44.256634.
[4A[J7400        14800       31.6311                    31.6311        59.3781                                         59.3781                   0.890826    0.812192                                                    10511.2       
[J     total [#####################################.............] 74.00%
this epoch [..................................................]  0.00%
     14800 iter, 7400 epoch / 10000 epochs
    1.5023 iters/sec. Estimated time to finish: 0:57:41.271177.
[4A[J7450        14900       31.1502                    31.1502        59.4383                                         59.4383                   0.892555    0.811489                                                    10587.6       
[J     total [#####################################.............] 74.50%
this epoch [..................................................]  0.00%
     14900 iter, 7450 epoch / 10000 epochs
    1.4996 iters/sec. Estimated time to finish: 0:56:40.892404.
[4A[J7500        15000       31.3441                    31.3441        59.8724                                         59.8724                   0.891672    0.809689                                                    10663.8       
[J     total [#####################################.............] 75.00%
this epoch [..................................................]  0.00%
     15000 iter, 7500 epoch / 10000 epochs
    1.4968 iters/sec. Estimated time to finish: 0:55:40.419602.
[4A[J7550        15100       31.2016                    31.2016        60.1057                                         60.1057                   0.891832    0.806842                                                    10740.3       
[J     total [#####################################.............] 75.50%
this epoch [..................................................]  0.00%
     15100 iter, 7550 epoch / 10000 epochs
    1.4939 iters/sec. Estimated time to finish: 0:54:39.955242.
[4A[J7600        15200       31.1247                    31.1247        58.4996                                         58.4996                   0.892273    0.81303                                                     10808.8       
[J     total [######################################............] 76.00%
this epoch [..................................................]  0.00%
     15200 iter, 7600 epoch / 10000 epochs
    1.4927 iters/sec. Estimated time to finish: 0:53:35.637219.
[4A[J7650        15300       31.2274                    31.2274        58.1356                                         58.1356                   0.891854    0.814317                                                    10877.1       
[J     total [######################################............] 76.50%
this epoch [..................................................]  0.00%
     15300 iter, 7650 epoch / 10000 epochs
    1.4915 iters/sec. Estimated time to finish: 0:52:31.097260.
[4A[J7700        15400       30.7882                    30.7882        60.1568                                         60.1568                   0.893572    0.805152                                                    10945.8       
[J     total [######################################............] 77.00%
this epoch [..................................................]  0.00%
     15400 iter, 7700 epoch / 10000 epochs
    1.4907 iters/sec. Estimated time to finish: 0:51:25.717151.
[4A[J7750        15500       31.052                     31.052         58.4105                                         58.4105                   0.892311    0.812554                                                    11013.9       
[J     total [######################################............] 77.50%
this epoch [..................................................]  0.00%
     15500 iter, 7750 epoch / 10000 epochs
    1.4899 iters/sec. Estimated time to finish: 0:50:20.373392.
[4A[J7800        15600       30.9364                    30.9364        58.7295                                         58.7295                   0.893019    0.813224                                                    11082.3       
[J     total [#######################################...........] 78.00%
this epoch [..................................................]  0.00%
     15600 iter, 7800 epoch / 10000 epochs
    1.4889 iters/sec. Estimated time to finish: 0:49:15.179257.
[4A[J7850        15700       30.9706                    30.9706        57.3415                                         57.3415                   0.892653    0.819921                                                    11151.4       
[J     total [#######################################...........] 78.50%
this epoch [..................................................]  0.00%
     15700 iter, 7850 epoch / 10000 epochs
    1.4878 iters/sec. Estimated time to finish: 0:48:10.202798.
[4A[J7900        15800       31.0052                    31.0052        57.6625                                         57.6625                   0.892696    0.821711                                                    11220.8       
[J     total [#######################################...........] 79.00%
this epoch [..................................................]  0.00%
     15800 iter, 7900 epoch / 10000 epochs
    1.4866 iters/sec. Estimated time to finish: 0:47:05.298605.
[4A[J7950        15900       30.6526                    30.6526        58.3902                                         58.3902                   0.893939    0.819741                                                    11289.9       
[J     total [#######################################...........] 79.50%
this epoch [..................................................]  0.00%
     15900 iter, 7950 epoch / 10000 epochs
    1.4855 iters/sec. Estimated time to finish: 0:46:00.010092.
[4A[J8000        16000       30.8369                    30.8369        59.1005                                         59.1005                   0.89297     0.817406                                                    11358.4       
[J     total [########################################..........] 80.00%
this epoch [..................................................]  0.00%
     16000 iter, 8000 epoch / 10000 epochs
    1.4846 iters/sec. Estimated time to finish: 0:44:54.359302.
[4A[J8050        16100       30.5064                    30.5064        57.8551                                         57.8551                   0.894568    0.818168                                                    11427.6       
[J     total [########################################..........] 80.50%
this epoch [..................................................]  0.00%
     16100 iter, 8050 epoch / 10000 epochs
     1.485 iters/sec. Estimated time to finish: 0:43:46.201130.
[4A[J8100        16200       30.7329                    30.7329        57.2613                                         57.2613                   0.893502    0.819776                                                    11496.1       
[J     total [########################################..........] 81.00%
this epoch [..................................................]  0.00%
     16200 iter, 8100 epoch / 10000 epochs
    1.4843 iters/sec. Estimated time to finish: 0:42:40.112863.
[4A[J8150        16300       30.6239                    30.6239        56.0641                                         56.0641                   0.893884    0.823461                                                    11570.8       
[J     total [########################################..........] 81.50%
this epoch [..................................................]  0.00%
     16300 iter, 8150 epoch / 10000 epochs
    1.4821 iters/sec. Estimated time to finish: 0:41:36.486822.
[4A[J8200        16400       30.4195                    30.4195        58.5779                                         58.5779                   0.894545    0.819295                                                    11647.3       
[J     total [#########################################.........] 82.00%
this epoch [..................................................]  0.00%
     16400 iter, 8200 epoch / 10000 epochs
    1.4795 iters/sec. Estimated time to finish: 0:40:33.272970.
[4A[J8250        16500       30.8004                    30.8004        58.9558                                         58.9558                   0.893045    0.816063                                                    11722.5       
[J     total [#########################################.........] 82.50%
this epoch [..................................................]  0.00%
     16500 iter, 8250 epoch / 10000 epochs
    1.4774 iters/sec. Estimated time to finish: 0:39:29.103314.
[4A[J8300        16600       30.507                     30.507         59.1566                                         59.1566                   0.894238    0.815455                                                    11797.7       
[J     total [#########################################.........] 83.00%
this epoch [..................................................]  0.00%
     16600 iter, 8300 epoch / 10000 epochs
    1.4752 iters/sec. Estimated time to finish: 0:38:24.714728.
[4A[J8350        16700       30.2787                    30.2787        57.6766                                         57.6766                   0.894884    0.818552                                                    11869.2       
[J     total [#########################################.........] 83.50%
this epoch [..................................................]  0.00%
     16700 iter, 8350 epoch / 10000 epochs
    1.4738 iters/sec. Estimated time to finish: 0:37:19.167802.
[4A[J8400        16800       30.5355                    30.5355        58.2122                                         58.2122                   0.894284    0.8212                                                      11937.2       
[J     total [##########################################........] 84.00%
this epoch [..................................................]  0.00%
     16800 iter, 8400 epoch / 10000 epochs
    1.4731 iters/sec. Estimated time to finish: 0:36:12.354749.
[4A[J8450        16900       30.3701                    30.3701        58.4281                                         58.4281                   0.894709    0.815984                                                    12005.5       
[J     total [##########################################........] 84.50%
this epoch [..................................................]  0.00%
     16900 iter, 8450 epoch / 10000 epochs
    1.4723 iters/sec. Estimated time to finish: 0:35:05.539742.
[4A[J8500        17000       30.1407                    30.1407        57.0897                                         57.0897                   0.895467    0.823582                                                    12073.8       
[J     total [##########################################........] 85.00%
this epoch [..................................................]  0.00%
     17000 iter, 8500 epoch / 10000 epochs
    1.4718 iters/sec. Estimated time to finish: 0:33:58.269306.
[4A[J8550        17100       30.2951                    30.2951        57.1469                                         57.1469                   0.894692    0.82057                                                     12142.3       
[J     total [##########################################........] 85.50%
this epoch [..................................................]  0.00%
     17100 iter, 8550 epoch / 10000 epochs
     1.471 iters/sec. Estimated time to finish: 0:32:51.412727.
[4A[J8600        17200       29.8602                    29.8602        57.8816                                         57.8816                   0.89635     0.818164                                                    12210.5       
[J     total [###########################################.......] 86.00%
this epoch [..................................................]  0.00%
     17200 iter, 8600 epoch / 10000 epochs
    1.4703 iters/sec. Estimated time to finish: 0:31:44.377064.
[4A[J8650        17300       30.436                     30.436         57.8365                                         57.8365                   0.894375    0.819178                                                    12278.5       
[J     total [###########################################.......] 86.50%
this epoch [..................................................]  0.00%
     17300 iter, 8650 epoch / 10000 epochs
    1.4698 iters/sec. Estimated time to finish: 0:30:37.000552.
[4A[J8700        17400       30.1645                    30.1645        58.0315                                         58.0315                   0.89519     0.819002                                                    12346.7       
[J     total [###########################################.......] 87.00%
this epoch [..................................................]  0.00%
     17400 iter, 8700 epoch / 10000 epochs
    1.4691 iters/sec. Estimated time to finish: 0:29:29.772029.
[4A[J8750        17500       30.0399                    30.0399        58.1507                                         58.1507                   0.895785    0.816618                                                    12414.2       
[J     total [###########################################.......] 87.50%
this epoch [..................................................]  0.00%
     17500 iter, 8750 epoch / 10000 epochs
    1.4686 iters/sec. Estimated time to finish: 0:28:22.290865.
[4A[J8800        17600       29.6166                    29.6166        60.353                                          60.353                    0.897141    0.813455                                                    12482.9       
[J     total [############################################......] 88.00%
this epoch [..................................................]  0.00%
     17600 iter, 8800 epoch / 10000 epochs
    1.4679 iters/sec. Estimated time to finish: 0:27:14.986535.
[4A[J8850        17700       29.8523                    29.8523        61.3421                                         61.3421                   0.896412    0.808244                                                    12550.7       
[J     total [############################################......] 88.50%
this epoch [..................................................]  0.00%
     17700 iter, 8850 epoch / 10000 epochs
    1.4675 iters/sec. Estimated time to finish: 0:26:07.316973.
[4A[J8900        17800       29.6111                    29.6111        60.8923                                         60.8923                   0.896903    0.810463                                                    12618.7       
[J     total [############################################......] 89.00%
this epoch [..................................................]  0.00%
     17800 iter, 8900 epoch / 10000 epochs
    1.4669 iters/sec. Estimated time to finish: 0:24:59.726945.
[4A[J8950        17900       29.5592                    29.5592        58.7062                                         58.7062                   0.897076    0.817503                                                    12686.2       
[J     total [############################################......] 89.50%
this epoch [..................................................]  0.00%
     17900 iter, 8950 epoch / 10000 epochs
    1.4667 iters/sec. Estimated time to finish: 0:23:51.753609.
[4A[J9000        18000       29.6651                    29.6651        57.7417                                         57.7417                   0.896736    0.818366                                                    12754.3       
[J     total [#############################################.....] 90.00%
this epoch [..................................................]  0.00%
     18000 iter, 9000 epoch / 10000 epochs
    1.4664 iters/sec. Estimated time to finish: 0:22:43.907169.
[4A[J9050        18100       29.3608                    29.3608        58.2123                                         58.2123                   0.898126    0.819135                                                    12822.3       
[J     total [#############################################.....] 90.50%
this epoch [..................................................]  0.00%
     18100 iter, 9050 epoch / 10000 epochs
    1.4659 iters/sec. Estimated time to finish: 0:21:36.139077.
[4A[J9100        18200       29.2868                    29.2868        56.7277                                         56.7277                   0.898349    0.823616                                                    12890.5       
[J     total [#############################################.....] 91.00%
this epoch [..................................................]  0.00%
     18200 iter, 9100 epoch / 10000 epochs
    1.4652 iters/sec. Estimated time to finish: 0:20:28.541443.
[4A[J9150        18300       29.7131                    29.7131        57.3914                                         57.3914                   0.896544    0.822204                                                    12959.3       
[J     total [#############################################.....] 91.50%
this epoch [..................................................]  0.00%
     18300 iter, 9150 epoch / 10000 epochs
    1.4641 iters/sec. Estimated time to finish: 0:19:21.146401.
[4A[J9200        18400       29.2504                    29.2504        56.7426                                         56.7426                   0.898244    0.824796                                                    13028.9       
[J     total [##############################################....] 92.00%
this epoch [..................................................]  0.00%
     18400 iter, 9200 epoch / 10000 epochs
     1.463 iters/sec. Estimated time to finish: 0:18:13.613483.
[4A[J9250        18500       29.3234                    29.3234        56.4455                                         56.4455                   0.898048    0.824228                                                    13098         
[J     total [##############################################....] 92.50%
this epoch [..................................................]  0.00%
     18500 iter, 9250 epoch / 10000 epochs
    1.4621 iters/sec. Estimated time to finish: 0:17:05.893368.
[4A[J9300        18600       29.6785                    29.6785        56.1092                                         56.1092                   0.89689     0.824988                                                    13166.7       
[J     total [##############################################....] 93.00%
this epoch [..................................................]  0.00%
     18600 iter, 9300 epoch / 10000 epochs
    1.4613 iters/sec. Estimated time to finish: 0:15:58.059296.
[4A[J9350        18700       29.2564                    29.2564        57.662                                          57.662                    0.898011    0.822796                                                    13235.3       
[J     total [##############################################....] 93.50%
this epoch [..................................................]  0.00%
     18700 iter, 9350 epoch / 10000 epochs
    1.4605 iters/sec. Estimated time to finish: 0:14:50.131388.
[4A[J9400        18800       29.3933                    29.3933        54.8547                                         54.8547                   0.897468    0.831404                                                    13304.1       
[J     total [###############################################...] 94.00%
this epoch [..................................................]  0.00%
     18800 iter, 9400 epoch / 10000 epochs
    1.4602 iters/sec. Estimated time to finish: 0:13:41.786544.
[4A[J9450        18900       29.3878                    29.3878        56.2215                                         56.2215                   0.897832    0.825095                                                    13373         
[J     total [###############################################...] 94.50%
this epoch [..................................................]  0.00%
     18900 iter, 9450 epoch / 10000 epochs
    1.4597 iters/sec. Estimated time to finish: 0:12:33.587799.
[4A[J9500        19000       29.2802                    29.2802        57.9881                                         57.9881                   0.898118    0.820418                                                    13441.2       
[J     total [###############################################...] 95.00%
this epoch [..................................................]  0.00%
     19000 iter, 9500 epoch / 10000 epochs
    1.4594 iters/sec. Estimated time to finish: 0:11:25.235275.
[4A[J9550        19100       28.9525                    28.9525        55.6644                                         55.6644                   0.89935     0.826705                                                    13509.6       
[J     total [###############################################...] 95.50%
this epoch [..................................................]  0.00%
     19100 iter, 9550 epoch / 10000 epochs
    1.4588 iters/sec. Estimated time to finish: 0:10:16.951772.
[4A[J9600        19200       29.3531                    29.3531        55.8888                                         55.8888                   0.897772    0.823824                                                    13579         
[J     total [################################################..] 96.00%
this epoch [..................................................]  0.00%
     19200 iter, 9600 epoch / 10000 epochs
    1.4581 iters/sec. Estimated time to finish: 0:09:08.670249.
[4A[J9650        19300       29.0957                    29.0957        58.2757                                         58.2757                   0.898368    0.819459                                                    13649         
[J     total [################################################..] 96.50%
this epoch [..................................................]  0.00%
     19300 iter, 9650 epoch / 10000 epochs
     1.457 iters/sec. Estimated time to finish: 0:08:00.454626.
[4A[J9700        19400       29.1789                    29.1789        59.3235                                         59.3235                   0.898604    0.817659                                                    13718.3       
[J     total [################################################..] 97.00%
this epoch [..................................................]  0.00%
     19400 iter, 9700 epoch / 10000 epochs
    1.4563 iters/sec. Estimated time to finish: 0:06:52.016787.
[4A[J9750        19500       29.1582                    29.1582        59.1036                                         59.1036                   0.897976    0.817251                                                    13787.7       
[J     total [################################################..] 97.50%
this epoch [..................................................]  0.00%
     19500 iter, 9750 epoch / 10000 epochs
    1.4554 iters/sec. Estimated time to finish: 0:05:43.552342.
[4A[J9800        19600       29.0621                    29.0621        59.0128                                         59.0128                   0.898852    0.819715                                                    13863.6       
[J     total [#################################################.] 98.00%
this epoch [..................................................]  0.00%
     19600 iter, 9800 epoch / 10000 epochs
    1.4532 iters/sec. Estimated time to finish: 0:04:35.253175.
[4A[J9850        19700       28.826                     28.826         57.4461                                         57.4461                   0.899319    0.822814                                                    13935.9       
[J     total [#################################################.] 98.50%
this epoch [..................................................]  0.00%
     19700 iter, 9850 epoch / 10000 epochs
    1.4518 iters/sec. Estimated time to finish: 0:03:26.644353.
[4A[J9900        19800       28.9461                    28.9461        59.8417                                         59.8417                   0.899011    0.818036                                                    14004.9       
[J     total [#################################################.] 99.00%
this epoch [..................................................]  0.00%
     19800 iter, 9900 epoch / 10000 epochs
    1.4508 iters/sec. Estimated time to finish: 0:02:17.852015.
[4A[J9950        19900       28.8992                    28.8992        59.1923                                         59.1923                   0.899291    0.81741                                                     14074.4       
[J     total [#################################################.] 99.50%
this epoch [..................................................]  0.00%
     19900 iter, 9950 epoch / 10000 epochs
    1.4501 iters/sec. Estimated time to finish: 0:01:08.960031.
[4A[J10000       20000       28.6065                    28.6065        59.952                                          59.952                    0.900243    0.815901                                                    14144         
[J     total [##################################################] 100.00%
this epoch [..................................................]  0.00%
     20000 iter, 10000 epoch / 10000 epochs
    1.4492 iters/sec. Estimated time to finish: 0:00:00.
[4A[J# Accounting: time=14152 threads=1
# Finished at Tue 8 Mar 14:31:41 GMT 2022 with status 0
